<?xml version="1.0" encoding="UTF-8"?>
<!-- Generated by org.testng.reporters.JUnitXMLReporter -->
<testsuite ignored="4" hostname="denissv" failures="0" tests="4" name="Command line test" time="0.042" errors="0" timestamp="2021-12-20T21:17:34 MSK">
  <testcase classname="tests.CalcTest" name="testSum" time="0.001"/>
  <testcase classname="tests.DependencyTest" name="abcTest" time="0.001"/>
  <testcase classname="tests.DependencyTest" name="bacTest" time="0.001"/>
  <testcase classname="tests.DependencyTest" name="cbaTest" time="0.0"/>
  <testcase classname="tests.BaseTest" name="@AfterTest afterTest" time="0.0">
    <ignored/>
  </testcase> <!-- @AfterTest afterTest -->
  <testcase classname="tests.BaseTest" name="@BeforeSuite beforeSuite" time="0.0">
    <ignored/>
  </testcase> <!-- @BeforeSuite beforeSuite -->
  <testcase classname="tests.BaseTest" name="@AfterSuite afterSuite" time="0.0">
    <ignored/>
  </testcase> <!-- @AfterSuite afterSuite -->
  <testcase classname="tests.BaseTest" name="@BeforeTest beforeTest" time="0.0">
    <ignored/>
  </testcase> <!-- @BeforeTest beforeTest -->
</testsuite> <!-- Command line test -->
